<?xml version="1.0" encoding="UTF-8"?>
<!-- Generated by org.testng.reporters.JUnitReportReporter -->
<testsuite hostname="LAPTOP-P2QE43U4" failures="0" tests="2" name="com.tests.A_ZScrapedRecipesLCHF" time="35.111" errors="1" timestamp="2024-12-20T14:49:43 CST" skipped="1">
  <testcase classname="com.tests.A_ZScrapedRecipesLCHF" name="setup" time="35.111">
    <error message="&#039;org.apache.commons.io.output.UnsynchronizedByteArrayOutputStream$Builder org.apache.commons.io.output.UnsynchronizedByteArrayOutputStream.builder()&#039;" type="java.lang.NoSuchMethodError">
      <![CDATA[java.lang.NoSuchMethodError: 'org.apache.commons.io.output.UnsynchronizedByteArrayOutputStream$Builder org.apache.commons.io.output.UnsynchronizedByteArrayOutputStream.builder()'
at org.apache.poi.util.IOUtils.peekFirstNBytes(IOUtils.java:144)
at org.apache.poi.poifs.filesystem.FileMagic.valueOf(FileMagic.java:209)
at org.apache.poi.openxml4j.opc.internal.ZipHelper.verifyZipHeader(ZipHelper.java:145)
at org.apache.poi.openxml4j.opc.internal.ZipHelper.openZipStream(ZipHelper.java:189)
at org.apache.poi.openxml4j.opc.ZipPackage.<init>(ZipPackage.java:156)
at org.apache.poi.openxml4j.opc.OPCPackage.open(OPCPackage.java:351)
at org.apache.poi.ooxml.util.PackageHelper.open(PackageHelper.java:64)
at org.apache.poi.xssf.usermodel.XSSFWorkbook.<init>(XSSFWorkbook.java:315)
at org.apache.poi.xssf.usermodel.XSSFWorkbook.<init>(XSSFWorkbook.java:289)
at com.utilities.ExcelReader.getDataFromExcel(ExcelReader.java:26)
at com.pages.Recipes_LCHFPage.readExcel(Recipes_LCHFPage.java:53)
at com.tests.A_ZScrapedRecipesLCHF.setup(A_ZScrapedRecipesLCHF.java:34)
at java.base/jdk.internal.reflect.DirectMethodHandleAccessor.invoke(DirectMethodHandleAccessor.java:103)
at java.base/java.lang.reflect.Method.invoke(Method.java:580)
at org.testng.internal.invokers.MethodInvocationHelper.invokeMethod(MethodInvocationHelper.java:141)
at org.testng.internal.invokers.MethodInvocationHelper.invokeMethodConsideringTimeout(MethodInvocationHelper.java:71)
at org.testng.internal.invokers.ConfigInvoker.invokeConfigurationMethod(ConfigInvoker.java:400)
at org.testng.internal.invokers.ConfigInvoker.invokeConfigurations(ConfigInvoker.java:333)
at org.testng.internal.invokers.TestInvoker.runConfigMethods(TestInvoker.java:833)
at org.testng.internal.invokers.TestInvoker.invokeMethod(TestInvoker.java:600)
at org.testng.internal.invokers.TestInvoker.invokeTestMethod(TestInvoker.java:230)
at org.testng.internal.invokers.MethodRunner.runInSequence(MethodRunner.java:63)
at org.testng.internal.invokers.TestInvoker$MethodInvocationAgent.invoke(TestInvoker.java:992)
at org.testng.internal.invokers.TestInvoker.invokeTestMethods(TestInvoker.java:203)
at org.testng.internal.invokers.TestMethodWorker.invokeTestMethods(TestMethodWorker.java:154)
at org.testng.internal.invokers.TestMethodWorker.run(TestMethodWorker.java:134)
at java.base/java.util.ArrayList.forEach(ArrayList.java:1596)
at org.testng.TestRunner.privateRun(TestRunner.java:739)
at org.testng.TestRunner.run(TestRunner.java:614)
at org.testng.SuiteRunner.runTest(SuiteRunner.java:421)
at org.testng.SuiteRunner.runSequentially(SuiteRunner.java:413)
at org.testng.SuiteRunner.privateRun(SuiteRunner.java:373)
at org.testng.SuiteRunner.run(SuiteRunner.java:312)
at org.testng.SuiteRunnerWorker.runSuite(SuiteRunnerWorker.java:52)
at org.testng.SuiteRunnerWorker.run(SuiteRunnerWorker.java:95)
at org.testng.TestNG.runSuitesSequentially(TestNG.java:1274)
at org.testng.TestNG.runSuitesLocally(TestNG.java:1208)
at org.testng.TestNG.runSuites(TestNG.java:1112)
at org.testng.TestNG.run(TestNG.java:1079)
at org.testng.remote.AbstractRemoteTestNG.run(AbstractRemoteTestNG.java:115)
at org.testng.remote.RemoteTestNG.initAndRun(RemoteTestNG.java:293)
at org.testng.remote.RemoteTestNG.main(RemoteTestNG.java:91)
]]>
    </error>
  </testcase> <!-- setup -->
  <testcase classname="com.tests.A_ZScrapedRecipesLCHF" name="clickAlphabetLink" time="0.000">
    <skipped/>
  </testcase> <!-- clickAlphabetLink -->
</testsuite> <!-- com.tests.A_ZScrapedRecipesLCHF -->
