<?xml version="1.0" encoding="UTF-8"?>
<!-- Generated by org.testng.reporters.JUnitReportReporter -->
<testsuite hostname="AnbuPC" failures="0" tests="2" name="com.tests.ScrapingRecipes" time="2665.815" errors="0" timestamp="2024-12-23T20:36:15 EST" skipped="0">
  <testcase classname="com.tests.ScrapingRecipes" name="clickAlphabetLink" time="2217.633"/>
  <testcase classname="com.tests.ScrapingRecipes" name="clickAlphabetLink" time="448.182"/>
</testsuite> <!-- com.tests.ScrapingRecipes -->
