<?xml version="1.0" encoding="UTF-8"?>
<!-- Generated by org.testng.reporters.JUnitReportReporter -->
<testsuite hostname="AnbuPC" failures="0" tests="1" name="com.tests.ScrapingRecipes" time="2549.891" errors="0" timestamp="2024-12-24T10:53:26 EST" skipped="0">
  <testcase classname="com.tests.ScrapingRecipes" name="clickAlphabetLink" time="2549.891"/>
</testsuite> <!-- com.tests.ScrapingRecipes -->
