<?xml version="1.0" encoding="UTF-8"?>
<!-- Generated by org.testng.reporters.JUnitReportReporter -->
<testsuite hostname="AnbuPC" failures="0" tests="1" name="com.tests.A_ZScrapedRecipesLFV" time="13.749" errors="0" timestamp="2024-12-23T16:39:04 EST" skipped="0">
  <testcase classname="com.tests.A_ZScrapedRecipesLFV" name="main" time="13.749"/>
</testsuite> <!-- com.tests.A_ZScrapedRecipesLFV -->
